0 info it worked if it ends with ok
1 verbose cli [ 'E:\\software\\Node\\node.exe',
1 verbose cli   'E:\\software\\Node\\node_modules\\npm\\bin\\npm-cli.js',
1 verbose cli   'install',
1 verbose cli   '-g',
1 verbose cli   'ngCordova' ]
2 info using npm@2.14.12
3 info using node@v4.2.4
4 verbose install initial load of C:\Users\keranbin\AppData\Roaming\npm\package.json
5 verbose readDependencies loading dependencies from C:\Users\keranbin\AppData\Roaming\npm\package.json
6 silly cache add args [ 'ngCordova', null ]
7 verbose cache add spec ngCordova
8 silly cache add parsed spec Result {
8 silly cache add   raw: 'ngCordova',
8 silly cache add   scope: null,
8 silly cache add   name: 'ngCordova',
8 silly cache add   rawSpec: '',
8 silly cache add   spec: 'latest',
8 silly cache add   type: 'tag' }
9 silly addNamed ngCordova@latest
10 verbose addNamed "latest" is being treated as a dist-tag for ngCordova
11 info addNameTag [ 'ngCordova', 'latest' ]
12 silly mapToRegistry name ngCordova
13 silly mapToRegistry using default registry
14 silly mapToRegistry registry https://registry.npmjs.org/
15 silly mapToRegistry uri https://registry.npmjs.org/ngCordova
16 verbose addNameTag registry:https://registry.npmjs.org/ngCordova not in flight; fetching
17 verbose request uri https://registry.npmjs.org/ngCordova
18 verbose request no auth needed
19 info attempt registry request try #1 at 21:00:10
20 verbose request id 08ad91e4a8fcc65d
21 http request GET https://registry.npmjs.org/ngCordova
22 http 404 https://registry.npmjs.org/ngCordova
23 verbose headers { 'content-type': 'application/json',
23 verbose headers   'cache-control': 'max-age=0',
23 verbose headers   'content-length': '2',
23 verbose headers   'accept-ranges': 'bytes',
23 verbose headers   date: 'Thu, 07 Apr 2016 13:00:12 GMT',
23 verbose headers   via: '1.1 varnish',
23 verbose headers   age: '0',
23 verbose headers   connection: 'keep-alive',
23 verbose headers   'x-served-by': 'cache-itm7422-ITM',
23 verbose headers   'x-cache': 'MISS',
23 verbose headers   'x-cache-hits': '0',
23 verbose headers   'x-timer': 'S1460034011.505998,VS0,VE606',
23 verbose headers   vary: 'Accept-Encoding' }
24 silly get cb [ 404,
24 silly get   { 'content-type': 'application/json',
24 silly get     'cache-control': 'max-age=0',
24 silly get     'content-length': '2',
24 silly get     'accept-ranges': 'bytes',
24 silly get     date: 'Thu, 07 Apr 2016 13:00:12 GMT',
24 silly get     via: '1.1 varnish',
24 silly get     age: '0',
24 silly get     connection: 'keep-alive',
24 silly get     'x-served-by': 'cache-itm7422-ITM',
24 silly get     'x-cache': 'MISS',
24 silly get     'x-cache-hits': '0',
24 silly get     'x-timer': 'S1460034011.505998,VS0,VE606',
24 silly get     vary: 'Accept-Encoding' } ]
25 verbose stack Error: Registry returned 404 for GET on https://registry.npmjs.org/ngCordova
25 verbose stack     at makeError (E:\software\Node\node_modules\npm\node_modules\npm-registry-client\lib\request.js:264:12)
25 verbose stack     at CachingRegistryClient.<anonymous> (E:\software\Node\node_modules\npm\node_modules\npm-registry-client\lib\request.js:242:14)
25 verbose stack     at Request._callback (E:\software\Node\node_modules\npm\node_modules\npm-registry-client\lib\request.js:172:14)
25 verbose stack     at Request.self.callback (E:\software\Node\node_modules\npm\node_modules\request\request.js:198:22)
25 verbose stack     at emitTwo (events.js:87:13)
25 verbose stack     at Request.emit (events.js:172:7)
25 verbose stack     at Request.<anonymous> (E:\software\Node\node_modules\npm\node_modules\request\request.js:1082:10)
25 verbose stack     at emitOne (events.js:82:20)
25 verbose stack     at Request.emit (events.js:169:7)
25 verbose stack     at IncomingMessage.<anonymous> (E:\software\Node\node_modules\npm\node_modules\request\request.js:1009:12)
26 verbose statusCode 404
27 verbose pkgid ngCordova
28 verbose cwd D:\ionicProject
29 error Windows_NT 6.1.7600
30 error argv "E:\\software\\Node\\node.exe" "E:\\software\\Node\\node_modules\\npm\\bin\\npm-cli.js" "install" "-g" "ngCordova"
31 error node v4.2.4
32 error npm  v2.14.12
33 error code E404
34 error 404 Registry returned 404 for GET on https://registry.npmjs.org/ngCordova
34 error 404
34 error 404 'ngCordova' is not in the npm registry.
34 error 404 Your package name is not valid, because
34 error 404
34 error 404  1. name can no longer contain capital letters
34 error 404
34 error 404 Note that you can also install from a
34 error 404 tarball, folder, http url, or git url.
35 verbose exit [ 1, true ]
